build/app/outputs/mapping/release/seeds.txt
com.example.trend.MainActivity
com.example.trend.MainActivity: MainActivity()
...
androidx.appcompat.widget.AppCompatSpinner: void setAdapter(android.widget.SpinnerAdapter)
androidx.appcompat.widget.AppCompatCheckBox: void setSupportButtonTintMode(android.graphics.PorterDuff$Mode)
kotlinx.coroutines.android.AndroidDispatcherFactory: AndroidDispatcherFactory()
com.bumptech.glide.load.DataSource: com.bumptech.glide.load.DataSource[] values()
androidx.appcompat.widget.AppCompatRadioButton: android.content.res.ColorStateList getSupportBackgroundTintList()
androidx.appcompat.widget.AppCompatSpinner: void setBackgroundDrawable(android.graphics.drawable.Drawable)
io.flutter.embedding.engine.FlutterJNI: void onDisplayPlatformView(int,int,int,int,int,int,int,io.flutter.embedding.engine.mutatorsstack.FlutterMutatorsStack)
androidx.core.graphics.drawable.IconCompat: IconCompat()
io.flutter.embedding.android.RenderMode: io.flutter.embedding.android.RenderMode valueOf(java.lang.String)
androidx.core.view.WindowInsetsCompat$BuilderImpl29: void setMandatorySystemGestureInsets(androidx.core.graphics.Insets)
androidx.vectordrawable.graphics.drawable.VectorDrawableCompat$VFullPath: void setStrokeAlpha(float)
com.bumptech.glide.manager.LifecycleLifecycle: void onStart(androidx.lifecycle.LifecycleOwner)
androidx.appcompat.widget.AppCompatToggleButton: androidx.appcompat.widget.AppCompatEmojiTextHelper getEmojiTextViewHelper()
io.flutter.plugins.pathprovider.Messages$StorageDirectory: io.flutter.plugins.pathprovider.Messages$StorageDirectory valueOf(java.lang.String)
androidx.appcompat.widget.SearchView: androidx.cursoradapter.widget.CursorAdapter getSuggestionsAdapter()
androidx.appcompat.widget.ContentFrameLayout: android.util.TypedValue getMinWidthMajor()
androidx.appcompat.widget.AppCompatButton: void setSupportBackgroundTintList(android.content.res.ColorStateList)
androidx.appcompat.widget.AppCompatRadioButton: android.content.res.ColorStateList getSupportButtonTintList()
io.flutter.embedding.engine.FlutterJNI: void nativeImageHeaderCallback(long,int,int)
io.flutter.plugin.platform.PlatformViewWrapper: void setLayoutParams(android.widget.FrameLayout$LayoutParams)
androidx.preference.EditTextPreference: EditTextPreference(android.content.Context,android.util.AttributeSet)
io.flutter.embedding.engine.FlutterJNI: void updateSemantics(java.nio.ByteBuffer,java.lang.String[],java.nio.ByteBuffer[])
io.flutter.view.AccessibilityViewEmbedder: void copyAccessibilityFields(android.view.accessibility.AccessibilityNodeInfo,android.view.accessibility.AccessibilityNodeInfo)
androidx.core.widget.PopupWindowCompat$Api23Impl: void setOverlapAnchor(android.widget.PopupWindow,boolean)
androidx.appcompat.widget.Toolbar: int getContentInsetEnd()
androidx.appcompat.widget.SwitchCompat: int getThumbTextPadding()
androidx.appcompat.widget.AppCompatImageButton: void setSupportImageTintMode(android.graphics.PorterDuff$Mode)
androidx.appcompat.widget.ButtonBarLayout: void setStacked(boolean)
androidx.appcompat.widget.AppCompatCheckBox: void setAllCaps(boolean)
androidx.core.view.ViewCompat$Api26Impl: void setAutofillHints(android.view.View,java.lang.String[])
androidx.window.area.reflectionguard.WindowAreaComponentApi2Requirements: void startRearDisplaySession(android.app.Activity,androidx.window.extensions.core.util.function.Consumer)
io.flutter.view.TextureRegistry$ImageTextureEntry: void release()
androidx.window.layout.adapter.sidecar.SidecarCompat$TranslatingCallback: void onDeviceStateChanged(androidx.window.sidecar.SidecarDeviceState)
androidx.appcompat.widget.ActionBarOverlayLayout: java.lang.CharSequence getTitle()
androidx.datastore.preferences.protobuf.WireFormat$FieldType: androidx.datastore.preferences.protobuf.WireFormat$FieldType[] values()
io.flutter.embedding.engine.FlutterJNI: io.flutter.embedding.engine.FlutterOverlaySurface createOverlaySurface()
androidx.appcompat.widget.AppCompatCheckedTextView: void setCustomSelectionActionModeCallback(android.view.ActionMode$Callback)