build/app/outputs/mapping/release/usage.txt
com.example.trend.R$drawable
com.example.trend.R$mipmap
com.example.trend.R$style
com.example.trend.R
com.example.trend.MainActivity:
    private static void $r8$constructor$io$flutter$embedding$android$FlutterActivity()
    public final synthetic bridge boolean attachToEngineAutomatically()
    public static boolean attachToEngineAutomatically$io$flutter$embedding$android$FlutterActivity()
    public static void cancelBackGesture()
    public static void cancelBackGesture$io$flutter$embedding$android$FlutterActivity()
    public final synthetic bridge void cleanUpFlutterEngine()
    public static void cleanUpFlutterEngine$io$flutter$embedding$android$FlutterActivity()
    public static void commitBackGesture()
    public static void commitBackGesture$io$flutter$embedding$android$FlutterActivity()
    public final void configureFlutterEngine()
    public static void configureFlutterEngine$io$flutter$embedding$android$FlutterActivity()
    public static void configureStatusBarForFullscreenFlutterExperience()
    public static void configureStatusBarForFullscreenFlutterExperience$io$flutter$embedding$android$FlutterActivity()
    public static void configureWindowForTransparency()
    public static void configureWindowForTransparency$io$flutter$embedding$android$FlutterActivity()
    public static android.view.View createFlutterView()
    public static android.view.View createFlutterView$io$flutter$embedding$android$FlutterActivity()
    public static android.window.OnBackInvokedCallback createOnBackInvokedCallback()
...
io.flutter.view.AccessibilityBridge$AccessibilityFeature$EnumUnboxingLocalUtility
io.flutter.view.AccessibilityBridge$AccessibilityFeature
io.flutter.view.AccessibilityBridge$Action:
    public static final enum io.flutter.view.AccessibilityBridge$Action FOCUS
io.flutter.view.AccessibilityBridge$CustomAccessibilityAction:
    public static synthetic java.lang.String access$3000()
    public static synthetic int access$4800()
io.flutter.view.AccessibilityBridge$Flag$EnumUnboxingLocalUtility:
    public static final enum int HAS_EXPANDED_STATE
    public static final enum int IS_CHECK_STATE_MIXED
    public static final enum int IS_EXPANDED
    public static final enum int IS_KEYBOARD_KEY
    public static final enum int IS_MULTILINE
    public static final enum int IS_SLIDER
    public static void <clinit>()
    public static int _valueOf(java.lang.String)
    public static int[] _values()
    public static synthetic java.lang.String name(int)
    public static synthetic java.lang.String stringValueOf(int)
    public static synthetic int valueOf(java.lang.String)
io.flutter.view.AccessibilityBridge$Flag
io.flutter.view.AccessibilityBridge$OnAccessibilityChangeListener
io.flutter.view.AccessibilityBridge$SemanticsNode:
    public float previousScrollExtentMax
    public float previousScrollExtentMin
    public int textDirection
    public static synthetic int access$000()
    public static synthetic int access$1400()
    public static boolean access$1500()
    public static synthetic int access$1600()
    public static android.graphics.Rect access$1700()
    public static synthetic java.lang.String access$1800()
    public static synthetic boolean access$2000()
    public static synthetic int access$2100()
    public static synthetic int access$2102()
    public static synthetic int access$2200()
    public static synthetic int access$2202()
    public static synthetic int access$2212()
    public static synthetic int access$2400()
    public static synthetic java.lang.String access$2500()
    public static synthetic java.lang.String access$2502()
    public static synthetic int access$2600()
    public static synthetic io.flutter.view.AccessibilityBridge$SemanticsNode access$2700()
    public static synthetic int access$2800()
    public static synthetic io.flutter.view.AccessibilityBridge$CustomAccessibilityAction access$2900()
    public static synthetic io.flutter.view.AccessibilityBridge$CustomAccessibilityAction access$3100()
    public static synthetic java.lang.String access$3500()
    public static synthetic java.util.List access$3600()
    public static synthetic java.util.List access$4202()
io.flutter.view.AccessibilityBridge$StringAttributeType$EnumUnboxingLocalUtility
io.flutter.view.AccessibilityBridge$StringAttributeType
io.flutter.view.AccessibilityBridge$TextDirection$EnumUnboxingLocalUtility
io.flutter.view.AccessibilityBridge$TextDirection